<?xml version="1.0" encoding="UTF-8"?>
<testsuite xmlns:xsi="http://www.w3.org/2001/XMLSchema-instance" xsi:noNamespaceSchemaLocation="https://maven.apache.org/surefire/maven-surefire-plugin/xsd/surefire-test-report-3.0.xsd" version="3.0" name="TestSuite" time="0.694" tests="10" errors="0" skipped="0" failures="0">
  <properties>
    <property name="java.specification.version" value="21"/>
    <property name="sun.cpu.isalist" value="amd64"/>
    <property name="sun.jnu.encoding" value="Cp1252"/>
    <property name="java.class.path" value="C:\Users\mxmluna\Desktop\MavenEx\Mafer1MavenTest\target\test-classes;C:\Users\mxmluna\Desktop\MavenEx\Mafer1MavenTest\target\classes;C:\Users\mxmluna\.m2\repository\junit\junit\3.8.1\junit-3.8.1.jar;C:\Users\mxmluna\.m2\repository\org\testng\testng\7.4.0\testng-7.4.0.jar;C:\Users\mxmluna\.m2\repository\com\beust\jcommander\1.78\jcommander-1.78.jar;C:\Users\mxmluna\.m2\repository\org\webjars\jquery\3.5.1\jquery-3.5.1.jar;"/>
    <property name="java.vm.vendor" value="Azul Systems, Inc."/>
    <property name="sun.arch.data.model" value="64"/>
    <property name="user.variant" value=""/>
    <property name="java.vendor.url" value="http://www.azul.com/"/>
    <property name="user.timezone" value="America/Mexico_City"/>
    <property name="os.name" value="Windows 10"/>
    <property name="java.vm.specification.version" value="21"/>
    <property name="sun.java.launcher" value="SUN_STANDARD"/>
    <property name="user.country" value="US"/>
    <property name="sun.boot.library.path" value="D:\Selenium + Java Software\Zulu Open JDK\zulu21.30.15-ca-jdk21.0.1-win_x64\bin"/>
    <property name="sun.java.command" value="C:\Users\mxmluna\AppData\Local\Temp\surefire11565242072713659284\surefirebooter3913677149270097115.jar C:\Users\mxmluna\AppData\Local\Temp\surefire11565242072713659284 2023-12-12T15-07-45_567-jvmRun1 surefire11341344077817822930tmp surefire_02000549519379720849tmp"/>
    <property name="jdk.debug" value="release"/>
    <property name="surefire.test.class.path" value="C:\Users\mxmluna\Desktop\MavenEx\Mafer1MavenTest\target\test-classes;C:\Users\mxmluna\Desktop\MavenEx\Mafer1MavenTest\target\classes;C:\Users\mxmluna\.m2\repository\junit\junit\3.8.1\junit-3.8.1.jar;C:\Users\mxmluna\.m2\repository\org\testng\testng\7.4.0\testng-7.4.0.jar;C:\Users\mxmluna\.m2\repository\com\beust\jcommander\1.78\jcommander-1.78.jar;C:\Users\mxmluna\.m2\repository\org\webjars\jquery\3.5.1\jquery-3.5.1.jar;"/>
    <property name="sun.cpu.endian" value="little"/>
    <property name="user.home" value="C:\Users\mxmluna"/>
    <property name="user.language" value="en"/>
    <property name="java.specification.vendor" value="Oracle Corporation"/>
    <property name="java.version.date" value="2023-10-17"/>
    <property name="java.home" value="D:\Selenium + Java Software\Zulu Open JDK\zulu21.30.15-ca-jdk21.0.1-win_x64"/>
    <property name="file.separator" value="\"/>
    <property name="basedir" value="C:\Users\mxmluna\Desktop\MavenEx\Mafer1MavenTest"/>
    <property name="java.vm.compressedOopsMode" value="Zero based"/>
    <property name="line.separator" value="&#10;"/>
    <property name="java.vm.specification.vendor" value="Oracle Corporation"/>
    <property name="java.specification.name" value="Java Platform API Specification"/>
    <property name="surefire.real.class.path" value="C:\Users\mxmluna\AppData\Local\Temp\surefire11565242072713659284\surefirebooter3913677149270097115.jar"/>
    <property name="user.script" value=""/>
    <property name="sun.management.compiler" value="HotSpot 64-Bit Tiered Compilers"/>
    <property name="java.runtime.version" value="21.0.1+12-LTS"/>
    <property name="user.name" value="mxmluna"/>
    <property name="stdout.encoding" value="Cp1252"/>
    <property name="path.separator" value=";"/>
    <property name="os.version" value="10.0"/>
    <property name="java.runtime.name" value="OpenJDK Runtime Environment"/>
    <property name="file.encoding" value="UTF-8"/>
    <property name="java.vm.name" value="OpenJDK 64-Bit Server VM"/>
    <property name="java.vendor.version" value="Zulu21.30+15-CA"/>
    <property name="localRepository" value="C:\Users\mxmluna\.m2\repository"/>
    <property name="java.vendor.url.bug" value="http://www.azul.com/support/"/>
    <property name="java.io.tmpdir" value="C:\Users\mxmluna\AppData\Local\Temp\"/>
    <property name="idea.version" value="2023.2.4"/>
    <property name="java.version" value="21.0.1"/>
    <property name="user.dir" value="C:\Users\mxmluna\Desktop\MavenEx\Mafer1MavenTest"/>
    <property name="os.arch" value="amd64"/>
    <property name="java.vm.specification.name" value="Java Virtual Machine Specification"/>
    <property name="sun.os.patch.level" value=""/>
    <property name="native.encoding" value="Cp1252"/>
    <property name="java.library.path" value="D:\Selenium + Java Software\Zulu Open JDK\zulu21.30.15-ca-jdk21.0.1-win_x64\bin;C:\WINDOWS\Sun\Java\bin;C:\WINDOWS\system32;C:\WINDOWS;D:\Selenium + Java Software\Zulu Open JDK\zulu21.30.15-ca-jdk21.0.1-win_x64\bin;C:\WINDOWS\system32;C:\WINDOWS;C:\WINDOWS\System32\Wbem;C:\WINDOWS\System32\WindowsPowerShell\v1.0\;C:\WINDOWS\System32\OpenSSH\;C:\Program Files\dotnet\;C:\Program Files\Git\cmd;C:\Users\mxmluna\AppData\Local\Microsoft\WindowsApps;;C:\Program Files\JetBrains\IntelliJ IDEA 2023.2.4\bin;;C:\Program Files\JetBrains\IntelliJ IDEA Community Edition 2023.2.4\bin;;."/>
    <property name="java.vm.info" value="mixed mode, sharing"/>
    <property name="stderr.encoding" value="Cp1252"/>
    <property name="java.vendor" value="Azul Systems, Inc."/>
    <property name="java.vm.version" value="21.0.1+12-LTS"/>
    <property name="sun.io.unicode.encoding" value="UnicodeLittle"/>
    <property name="java.class.version" value="65.0"/>
  </properties>
  <testcase name="testFive" classname="com.mafercompany.example.MyCases" time="0.008">
    <system-out><![CDATA[This is my 5th case
]]></system-out>
  </testcase>
  <testcase name="testFour" classname="com.mafercompany.example.MyCases" time="0">
    <system-out><![CDATA[This is my 4th case
]]></system-out>
  </testcase>
  <testcase name="testOne" classname="com.mafercompany.example.MyCases" time="0">
    <system-out><![CDATA[This is my 1st case
]]></system-out>
  </testcase>
  <testcase name="testThree" classname="com.mafercompany.example.MyCases" time="0.001">
    <system-out><![CDATA[This is my 3rd case
]]></system-out>
  </testcase>
  <testcase name="testTwo" classname="com.mafercompany.example.MyCases" time="0">
    <system-out><![CDATA[This is my 2nd case
]]></system-out>
  </testcase>
  <testcase name="testEight" classname="com.mafercompany.example.MyCasesNew" time="0">
    <system-out><![CDATA[PASSED: testOne
PASSED: testFive
PASSED: testThree
PASSED: testFour
PASSED: testTwo

===============================================
    MaferIntegrationName
    Tests run: 5, Failures: 0, Skips: 0
===============================================

This is my 8th case
]]></system-out>
  </testcase>
  <testcase name="testNine" classname="com.mafercompany.example.MyCasesNew" time="0.001">
    <system-out><![CDATA[This is my 9th case
]]></system-out>
  </testcase>
  <testcase name="testSeven" classname="com.mafercompany.example.MyCasesNew" time="0">
    <system-out><![CDATA[This is my 7th case
]]></system-out>
  </testcase>
  <testcase name="testSix" classname="com.mafercompany.example.MyCasesNew" time="0">
    <system-out><![CDATA[This is my 6th case
]]></system-out>
  </testcase>
  <testcase name="testTen" classname="com.mafercompany.example.MyCasesNew" time="0">
    <system-out><![CDATA[This is my 10th case
]]></system-out>
  </testcase>
</testsuite>