<?xml version="1.0" encoding="UTF-8"?>
<!-- Generated by org.testng.reporters.JUnitReportReporter -->
<testsuite hostname="MX-CELLAR-QA7L" failures="0" tests="5" name="com.mafercompany.example.MyCases" time="0.010" errors="0" timestamp="2023-12-12T15:07:50 CST" skipped="0">
  <testcase classname="com.mafercompany.example.MyCases" name="testOne" time="0.001"/>
  <system-out/>
  <testcase classname="com.mafercompany.example.MyCases" name="testFive" time="0.007"/>
  <system-out/>
  <testcase classname="com.mafercompany.example.MyCases" name="testThree" time="0.001"/>
  <system-out/>
  <testcase classname="com.mafercompany.example.MyCases" name="testFour" time="0.001"/>
  <system-out/>
  <testcase classname="com.mafercompany.example.MyCases" name="testTwo" time="0.000"/>
  <system-out/>
</testsuite> <!-- com.mafercompany.example.MyCases -->
