<?xml version="1.0" encoding="UTF-8"?>
<!-- Generated by org.testng.reporters.JUnitReportReporter -->
<testsuite hostname="MX-CELLAR-QA7L" failures="0" tests="5" name="com.mafercompany.example.MyCasesNew" time="0.001" errors="0" timestamp="2023-12-12T15:07:50 CST" skipped="0">
  <testcase classname="com.mafercompany.example.MyCasesNew" name="testTen" time="0.000"/>
  <system-out/>
  <testcase classname="com.mafercompany.example.MyCasesNew" name="testSeven" time="0.000"/>
  <system-out/>
  <testcase classname="com.mafercompany.example.MyCasesNew" name="testEight" time="0.000"/>
  <system-out/>
  <testcase classname="com.mafercompany.example.MyCasesNew" name="testNine" time="0.000"/>
  <system-out/>
  <testcase classname="com.mafercompany.example.MyCasesNew" name="testSix" time="0.001"/>
  <system-out/>
</testsuite> <!-- com.mafercompany.example.MyCasesNew -->
